<?xml version="1.0" encoding="UTF-8"?>
<!-- Generated by org.testng.reporters.JUnitXMLReporter -->
<testsuite ignored="8" hostname="DESKTOP-LJM4THQ" failures="0" tests="10" name="Test" time="155.306" errors="0" timestamp="2024-04-05T17:18:50 NPT">
  <testcase classname="testcases.Login" name="Invalidlogin" time="3.44"/>
  <testcase classname="testcases.Login" name="Login" time="5.423"/>
  <testcase classname="testcases.Login" name="alerttour" time="0.09"/>
  <testcase classname="testcases.Brand" name="brandadd" time="9.095"/>
  <testcase classname="testcases.Brand" name="brandsearch" time="6.193"/>
  <testcase classname="testcases.Category" name="categoryadd" time="16.894"/>
  <testcase classname="testcases.Category" name="categorysearch" time="11.22"/>
  <testcase classname="testcases.Unit" name="unitadd" time="32.496"/>
  <testcase classname="testcases.Unit" name="unitsearch" time="12.216"/>
  <testcase classname="testcases.AddProducts" name="addProduct" time="45.013"/>
  <testcase classname="extentreports.ExtentTestManager" name="@AfterSuite closereport" time="0.0">
    <ignored/>
  </testcase> <!-- @AfterSuite closereport -->
  <testcase classname="extentreports.ExtentTestManager" name="@AfterSuite closereport" time="0.0">
    <ignored/>
  </testcase> <!-- @AfterSuite closereport -->
  <testcase classname="extentreports.ExtentTestManager" name="@AfterSuite closereport" time="0.0">
    <ignored/>
  </testcase> <!-- @AfterSuite closereport -->
  <testcase classname="extentreports.ExtentTestManager" name="@AfterSuite closereport" time="0.0">
    <ignored/>
  </testcase> <!-- @AfterSuite closereport -->
  <testcase classname="extentreports.ExtentTestManager" name="@BeforeSuite extendreportgenerate" time="0.0">
    <ignored/>
  </testcase> <!-- @BeforeSuite extendreportgenerate -->
  <testcase classname="extentreports.ExtentTestManager" name="@BeforeSuite extendreportgenerate" time="0.0">
    <ignored/>
  </testcase> <!-- @BeforeSuite extendreportgenerate -->
  <testcase classname="extentreports.ExtentTestManager" name="@BeforeSuite extendreportgenerate" time="0.0">
    <ignored/>
  </testcase> <!-- @BeforeSuite extendreportgenerate -->
  <testcase classname="extentreports.ExtentTestManager" name="@BeforeSuite extendreportgenerate" time="0.0">
    <ignored/>
  </testcase> <!-- @BeforeSuite extendreportgenerate -->
</testsuite> <!-- Test -->
